Using pre-set license
Built from '2020.3/staging' branch; Version is '2020.3.32f1 (12f8b0834f07) revision 1243312'; Using compiler version '192528614'; Build Type 'Release'
OS: 'Windows 10  (10.0.19044) 64bit Professional' Language: 'pt' Physical Memory: 8150 MB
BatchMode: 1, IsHumanControllingUs: 0, StartBugReporterOnCrash: 0, Is64bit: 1, IsPro: 0

COMMAND LINE ARGUMENTS:
C:\Program Files\Unity 2020.3.32f1\Editor\Unity.exe
-adb2
-batchMode
-noUpm
-name
AssetImportWorker0
-projectPath
C:/Users/nicol/OneDrive/Documents/GitHub/LookAway/LookAway
-logFile
Logs/AssetImportWorker0.log
-srvPort
1139
Successfully changed project path to: C:/Users/nicol/OneDrive/Documents/GitHub/LookAway/LookAway
C:/Users/nicol/OneDrive/Documents/GitHub/LookAway/LookAway
Using Asset Import Pipeline V2.
Refreshing native plugins compatible for Editor in 117.08 ms, found 2 plugins.
Preloading 0 native plugins for Editor in 0.00 ms.
Initialize engine version: 2020.3.32f1 (12f8b0834f07)
[Subsystems] Discovering subsystems at path C:/Program Files/Unity 2020.3.32f1/Editor/Data/Resources/UnitySubsystems
[Subsystems] Discovering subsystems at path C:/Users/nicol/OneDrive/Documents/GitHub/LookAway/LookAway/Assets
GfxDevice: creating device client; threaded=0
Direct3D:
    Version:  Direct3D 11.0 [level 11.1]
    Renderer: NVIDIA GeForce GTX 1050 (ID=0x1c81)
    Vendor:   
    VRAM:     1977 MB
    Driver:   27.21.14.6647
Initialize mono
Mono path[0] = 'C:/Program Files/Unity 2020.3.32f1/Editor/Data/Managed'
Mono path[1] = 'C:/Program Files/Unity 2020.3.32f1/Editor/Data/MonoBleedingEdge/lib/mono/unityjit'
Mono config path = 'C:/Program Files/Unity 2020.3.32f1/Editor/Data/MonoBleedingEdge/etc'
Using monoOptions --debugger-agent=transport=dt_socket,embedding=1,server=y,suspend=n,address=127.0.0.1:56864
Begin MonoManager ReloadAssembly
Registering precompiled unity dll's ...
Register platform support module: C:/Program Files/Unity 2020.3.32f1/Editor/Data/PlaybackEngines/WindowsStandaloneSupport/UnityEditor.WindowsStandalone.Extensions.dll
Registered in 0.002673 seconds.
Native extension for WindowsStandalone target not found
Refreshing native plugins compatible for Editor in 102.96 ms, found 2 plugins.
Preloading 0 native plugins for Editor in 0.00 ms.
Unable to find bridge dll in registry for Microsoft Visual Studio Tools for Unity for C:\Program Files (x86)\Microsoft Visual Studio\2019\Community\Common7\IDE\devenv.exe
Mono: successfully reloaded assembly
- Completed reload, in  0.727 seconds
Domain Reload Profiling:
	ReloadAssembly (727ms)
		BeginReloadAssembly (85ms)
			ExecutionOrderSort (0ms)
			DisableScriptedObjects (0ms)
			BackupInstance (0ms)
			ReleaseScriptingObjects (0ms)
			CreateAndSetChildDomain (1ms)
		EndReloadAssembly (551ms)
			LoadAssemblies (81ms)
			RebuildTransferFunctionScriptingTraits (0ms)
			SetupTypeCache (181ms)
			ReleaseScriptCaches (0ms)
			RebuildScriptCaches (29ms)
			SetupLoadedEditorAssemblies (230ms)
				LogAssemblyErrors (0ms)
				InitializePlatformSupportModulesInManaged (4ms)
				SetLoadedEditorAssemblies (0ms)
				RefreshPlugins (103ms)
				BeforeProcessingInitializeOnLoad (12ms)
				ProcessInitializeOnLoadAttributes (83ms)
				ProcessInitializeOnLoadMethodAttributes (27ms)
				AfterProcessingInitializeOnLoad (0ms)
				EditorAssembliesLoaded (0ms)
			ExecutionOrderSort2 (0ms)
			AwakeInstancesAfterBackupRestoration (0ms)
Platform modules already initialized, skipping
Registering precompiled user dll's ...
Registered in 0.009051 seconds.
Begin MonoManager ReloadAssembly
Symbol file LoadedFromMemory doesn't match image C:\Users\nicol\OneDrive\Documents\GitHub\LookAway\LookAway\Library\PackageCache\com.unity.collab-proxy@1.15.15\Lib\Editor\PlasticSCM\unityplastic.dll
Native extension for WindowsStandalone target not found
Refreshing native plugins compatible for Editor in 112.45 ms, found 2 plugins.
Preloading 0 native plugins for Editor in 0.00 ms.
Mono: successfully reloaded assembly
- Completed reload, in  1.588 seconds
Domain Reload Profiling:
	ReloadAssembly (1589ms)
		BeginReloadAssembly (170ms)
			ExecutionOrderSort (0ms)
			DisableScriptedObjects (5ms)
			BackupInstance (0ms)
			ReleaseScriptingObjects (0ms)
			CreateAndSetChildDomain (19ms)
		EndReloadAssembly (1351ms)
			LoadAssemblies (130ms)
			RebuildTransferFunctionScriptingTraits (0ms)
			SetupTypeCache (456ms)
			ReleaseScriptCaches (1ms)
			RebuildScriptCaches (69ms)
			SetupLoadedEditorAssemblies (566ms)
				LogAssemblyErrors (0ms)
				InitializePlatformSupportModulesInManaged (4ms)
				SetLoadedEditorAssemblies (0ms)
				RefreshPlugins (113ms)
				BeforeProcessingInitializeOnLoad (134ms)
				ProcessInitializeOnLoadAttributes (230ms)
				ProcessInitializeOnLoadMethodAttributes (79ms)
				AfterProcessingInitializeOnLoad (7ms)
				EditorAssembliesLoaded (0ms)
			ExecutionOrderSort2 (0ms)
			AwakeInstancesAfterBackupRestoration (7ms)
Platform modules already initialized, skipping
========================================================================
Worker process is ready to serve import requests
Launched and connected shader compiler UnityShaderCompiler.exe after 0.14 seconds
Refreshing native plugins compatible for Editor in 1.20 ms, found 2 plugins.
Preloading 0 native plugins for Editor in 0.00 ms.
Unloading 4331 Unused Serialized files (Serialized files now loaded: 0)
System memory in use before: 209.3 MB.
System memory in use after: 209.5 MB.

Unloading 63 unused Assets to reduce memory usage. Loaded Objects now: 4738.
Total: 7.041500 ms (FindLiveObjects: 0.310200 ms CreateObjectMapping: 0.214200 ms MarkObjects: 6.313600 ms  DeleteObjects: 0.202900 ms)

AssetImportParameters requested are different than current active one (requested -> active):
  custom:framework-win-MediaFoundation: 216162199b28c13a410421893ffa2e32 -> 
  custom:video-decoder-ogg-theora: a1e56fd34408186e4bbccfd4996cb3dc -> 
  custom:container-muxer-webm: aa71ff27fc2769a1b78a27578f13a17b -> 
  custom:container-demuxer-webm: 4f35f7cbe854078d1ac9338744f61a02 -> 
  custom:container-demuxer-ogg: 62fdf1f143b41e24485cea50d1cbac27 -> 
  custom:video-encoder-webm-vp8: eb34c28f22e8b96e1ab97ce403110664 -> 
  custom:video-decoder-webm-vp8: 9c59270c3fd7afecdb556c50c9e8de78 -> 
  custom:audio-decoder-ogg-vorbis: bf7c407c2cedff20999df2af8eb42d56 -> 
  custom:audio-encoder-webm-vorbis: bf7c407c2cedff20999df2af8eb42d56 -> 
========================================================================
Received Import Request.
  path: Assets/LowPoly Environment Pack/FBX/Stone_1.fbx
  artifactKey: Guid(8da72e9a2ba2b0d4aa84f50b8f19b35f) Importer(815301076,1909f56bfc062723c751e8b465ee728b)
Start importing Assets/LowPoly Environment Pack/FBX/Stone_1.fbx using Guid(8da72e9a2ba2b0d4aa84f50b8f19b35f) Importer(815301076,1909f56bfc062723c751e8b465ee728b)  -> (artifact id: '9b7107e1848e19290940dd2b655955df') in 0.645246 seconds 
========================================================================
Received Import Request.
  Time since last request: 0.000307 seconds.
  path: Assets/LowPoly Environment Pack/FBX/Plant_6.fbx
  artifactKey: Guid(537ff932739c5174fa989b8403a9db91) Importer(815301076,1909f56bfc062723c751e8b465ee728b)
Start importing Assets/LowPoly Environment Pack/FBX/Plant_6.fbx using Guid(537ff932739c5174fa989b8403a9db91) Importer(815301076,1909f56bfc062723c751e8b465ee728b)  -> (artifact id: '368dd2164d1fdad2734cbccecf76b3ea') in 0.144902 seconds 
========================================================================
Received Import Request.
  Time since last request: 0.000351 seconds.
  path: Assets/LowPoly Environment Pack/FBX
  artifactKey: Guid(330d22fb8481f194e995606c993f12c5) Importer(815301076,1909f56bfc062723c751e8b465ee728b)
Start importing Assets/LowPoly Environment Pack/FBX using Guid(330d22fb8481f194e995606c993f12c5) Importer(815301076,1909f56bfc062723c751e8b465ee728b)  -> (artifact id: 'b5b6bb8a3c8eeab5e88f5fab17094112') in 0.009479 seconds 
========================================================================
Received Import Request.
  Time since last request: 0.000305 seconds.
  path: Assets/LowPoly Environment Pack/FBX/Mounting_1.fbx
  artifactKey: Guid(7d626b52dc7a9c24e95f55619a456158) Importer(815301076,1909f56bfc062723c751e8b465ee728b)
Start importing Assets/LowPoly Environment Pack/FBX/Mounting_1.fbx using Guid(7d626b52dc7a9c24e95f55619a456158) Importer(815301076,1909f56bfc062723c751e8b465ee728b)  -> (artifact id: '4652595e5990a4959d3cf211ddcde14c') in 0.246183 seconds 
========================================================================
Received Import Request.
  Time since last request: 0.000288 seconds.
  path: Assets/LowPoly Environment Pack/FBX/Rock_6.fbx
  artifactKey: Guid(71bb44319f15e0741846c4fad009f013) Importer(815301076,1909f56bfc062723c751e8b465ee728b)
Start importing Assets/LowPoly Environment Pack/FBX/Rock_6.fbx using Guid(71bb44319f15e0741846c4fad009f013) Importer(815301076,1909f56bfc062723c751e8b465ee728b)  -> (artifact id: '007c291a0ae6927a1d8ef38143cb6ca9') in 0.133251 seconds 
========================================================================
Received Import Request.
  Time since last request: 0.000275 seconds.
  path: Assets/LowPoly Environment Pack/FBX/Bush_1.fbx
  artifactKey: Guid(1938cd5cf7941f548b756cdb94a425fb) Importer(815301076,1909f56bfc062723c751e8b465ee728b)
Start importing Assets/LowPoly Environment Pack/FBX/Bush_1.fbx using Guid(1938cd5cf7941f548b756cdb94a425fb) Importer(815301076,1909f56bfc062723c751e8b465ee728b)  -> (artifact id: '48fc4a68f083301f2f2818e31a0b6ae2') in 0.124534 seconds 
========================================================================
Received Import Request.
  Time since last request: 0.000257 seconds.
  path: Assets/LowPoly Environment Pack/FBX/Grass_1.fbx
  artifactKey: Guid(34dfeb3f659c70946a7698f1846d752b) Importer(815301076,1909f56bfc062723c751e8b465ee728b)
Start importing Assets/LowPoly Environment Pack/FBX/Grass_1.fbx using Guid(34dfeb3f659c70946a7698f1846d752b) Importer(815301076,1909f56bfc062723c751e8b465ee728b)  -> (artifact id: '1306815a1339a95ecbdbe336ddd91e50') in 0.135427 seconds 
========================================================================
Received Import Request.
  Time since last request: 0.000280 seconds.
  path: Assets/LowPoly Environment Pack/FBX/Tree_2.fbx
  artifactKey: Guid(24a759921bedc2541881a0535a7bfcc8) Importer(815301076,1909f56bfc062723c751e8b465ee728b)
Start importing Assets/LowPoly Environment Pack/FBX/Tree_2.fbx using Guid(24a759921bedc2541881a0535a7bfcc8) Importer(815301076,1909f56bfc062723c751e8b465ee728b)  -> (artifact id: 'b10d88c4c3afe87baad013b65dc4c4d4') in 0.141105 seconds 
========================================================================
Received Import Request.
  Time since last request: 0.000361 seconds.
  path: Assets/LowPoly Environment Pack/FBX/Tree_3.fbx
  artifactKey: Guid(9fae9f7a7664c4c47a4fd4e9eedf6d6c) Importer(815301076,1909f56bfc062723c751e8b465ee728b)
Start importing Assets/LowPoly Environment Pack/FBX/Tree_3.fbx using Guid(9fae9f7a7664c4c47a4fd4e9eedf6d6c) Importer(815301076,1909f56bfc062723c751e8b465ee728b)  -> (artifact id: 'a78a5215f0e4e69ad2fd432ffb7042a9') in 0.198585 seconds 
========================================================================
Received Import Request.
  Time since last request: 0.000293 seconds.
  path: Assets/LowPoly Environment Pack/FBX/Plant_4.fbx
  artifactKey: Guid(283c2a73be2ff274abe5a6c1e1ee3a48) Importer(815301076,1909f56bfc062723c751e8b465ee728b)
Start importing Assets/LowPoly Environment Pack/FBX/Plant_4.fbx using Guid(283c2a73be2ff274abe5a6c1e1ee3a48) Importer(815301076,1909f56bfc062723c751e8b465ee728b)  -> (artifact id: 'f88dca46508e8423ae36a70afbb7c5c0') in 0.109089 seconds 
========================================================================
Received Import Request.
  Time since last request: 0.000280 seconds.
  path: Assets/LowPoly Environment Pack/FBX/Log_1.fbx
  artifactKey: Guid(f12a3ed37c1553f46a2806744d6b056e) Importer(815301076,1909f56bfc062723c751e8b465ee728b)
Start importing Assets/LowPoly Environment Pack/FBX/Log_1.fbx using Guid(f12a3ed37c1553f46a2806744d6b056e) Importer(815301076,1909f56bfc062723c751e8b465ee728b)  -> (artifact id: '6503f5885ae4a3581eb907abeb6fe100') in 0.127477 seconds 
========================================================================
Received Import Request.
  Time since last request: 0.000344 seconds.
  path: Assets/LowPoly Environment Pack/FBX/Mounting_3.fbx
  artifactKey: Guid(492031f9cbc117d419c5271ccc50b76a) Importer(815301076,1909f56bfc062723c751e8b465ee728b)
Start importing Assets/LowPoly Environment Pack/FBX/Mounting_3.fbx using Guid(492031f9cbc117d419c5271ccc50b76a) Importer(815301076,1909f56bfc062723c751e8b465ee728b)  -> (artifact id: '2eaf317c2861f7aba64693adaf405336') in 0.165010 seconds 
========================================================================
Received Import Request.
  Time since last request: 0.000281 seconds.
  path: Assets/LowPoly Environment Pack/FBX/Plant_3.fbx
  artifactKey: Guid(90805fe502fa4b94e9cfc4e1c6d566bb) Importer(815301076,1909f56bfc062723c751e8b465ee728b)
Start importing Assets/LowPoly Environment Pack/FBX/Plant_3.fbx using Guid(90805fe502fa4b94e9cfc4e1c6d566bb) Importer(815301076,1909f56bfc062723c751e8b465ee728b)  -> (artifact id: '52e9fbca3f3392520fcb7fd9c6e04235') in 0.147150 seconds 
========================================================================
Received Import Request.
  Time since last request: 0.000354 seconds.
  path: Assets/LowPoly Environment Pack/FBX/Rock_4.fbx
  artifactKey: Guid(b58e7fdfb89fbc549b36a69243aee4c0) Importer(815301076,1909f56bfc062723c751e8b465ee728b)
Start importing Assets/LowPoly Environment Pack/FBX/Rock_4.fbx using Guid(b58e7fdfb89fbc549b36a69243aee4c0) Importer(815301076,1909f56bfc062723c751e8b465ee728b)  -> (artifact id: 'f7240996e5f4510562c926fedac45ce4') in 0.111793 seconds 
========================================================================
Received Import Request.
  Time since last request: 0.000331 seconds.
  path: Assets/LowPoly Environment Pack/FBX/Log_3.fbx
  artifactKey: Guid(afd0b1f883c32e241806a5fdf70cb47a) Importer(815301076,1909f56bfc062723c751e8b465ee728b)
Start importing Assets/LowPoly Environment Pack/FBX/Log_3.fbx using Guid(afd0b1f883c32e241806a5fdf70cb47a) Importer(815301076,1909f56bfc062723c751e8b465ee728b)  -> (artifact id: '0f8f910266863b096ae7a06e3572300d') in 0.118238 seconds 
========================================================================
Received Import Request.
  Time since last request: 0.000261 seconds.
  path: Assets/LowPoly Environment Pack/FBX/Plant_1.fbx
  artifactKey: Guid(3739d3cd85494bb4c887d0401497fe57) Importer(815301076,1909f56bfc062723c751e8b465ee728b)
Start importing Assets/LowPoly Environment Pack/FBX/Plant_1.fbx using Guid(3739d3cd85494bb4c887d0401497fe57) Importer(815301076,1909f56bfc062723c751e8b465ee728b)  -> (artifact id: '27fc6bdb4aeb6bf3c766a233681f2d8c') in 0.140399 seconds 
========================================================================
Received Import Request.
  Time since last request: 0.000290 seconds.
  path: Assets/LowPoly Environment Pack/FBX/Log_2.fbx
  artifactKey: Guid(a834527aa1ce23a40857bdc293825f3a) Importer(815301076,1909f56bfc062723c751e8b465ee728b)
Start importing Assets/LowPoly Environment Pack/FBX/Log_2.fbx using Guid(a834527aa1ce23a40857bdc293825f3a) Importer(815301076,1909f56bfc062723c751e8b465ee728b)  -> (artifact id: '6f1ea9b08e0a744916f5004607d4b502') in 0.081506 seconds 
========================================================================
Received Import Request.
  Time since last request: 0.000282 seconds.
  path: Assets/LowPoly Environment Pack/FBX/Rock_1.fbx
  artifactKey: Guid(b2d7d77df4449b24fb2fffe6ca115874) Importer(815301076,1909f56bfc062723c751e8b465ee728b)
Start importing Assets/LowPoly Environment Pack/FBX/Rock_1.fbx using Guid(b2d7d77df4449b24fb2fffe6ca115874) Importer(815301076,1909f56bfc062723c751e8b465ee728b)  -> (artifact id: '286bf0953d1bd1f424e5e537d89c8092') in 0.098277 seconds 
========================================================================
Received Import Request.
  Time since last request: 0.000333 seconds.
  path: Assets/LowPoly Environment Pack/FBX/Plant_5.fbx
  artifactKey: Guid(c9ce8f855ca8c98449df4090174b5cd0) Importer(815301076,1909f56bfc062723c751e8b465ee728b)
Start importing Assets/LowPoly Environment Pack/FBX/Plant_5.fbx using Guid(c9ce8f855ca8c98449df4090174b5cd0) Importer(815301076,1909f56bfc062723c751e8b465ee728b)  -> (artifact id: '858c79a5eb653fba342bec86b538e2a9') in 0.102245 seconds 
========================================================================
Received Import Request.
  Time since last request: 0.000269 seconds.
  path: Assets/LowPoly Environment Pack/FBX/Plant_2.fbx
  artifactKey: Guid(c83f502368bab8140af79867b14e99c9) Importer(815301076,1909f56bfc062723c751e8b465ee728b)
Start importing Assets/LowPoly Environment Pack/FBX/Plant_2.fbx using Guid(c83f502368bab8140af79867b14e99c9) Importer(815301076,1909f56bfc062723c751e8b465ee728b)  -> (artifact id: '1df6e7b27c827b4ee6ddd89c424f2102') in 0.114347 seconds 
========================================================================
Received Import Request.
  Time since last request: 0.000270 seconds.
  path: Assets/LowPoly Environment Pack/FBX/Tree_1.fbx
  artifactKey: Guid(c52a1ad28de5ec447a225e11be0fe132) Importer(815301076,1909f56bfc062723c751e8b465ee728b)
Start importing Assets/LowPoly Environment Pack/FBX/Tree_1.fbx using Guid(c52a1ad28de5ec447a225e11be0fe132) Importer(815301076,1909f56bfc062723c751e8b465ee728b)  -> (artifact id: '8115406cb00ab1db26723fc298b66c91') in 0.166119 seconds 
========================================================================
Received Import Request.
  Time since last request: 0.000271 seconds.
  path: Assets/LowPoly Environment Pack/FBX/Terrain_2.fbx
  artifactKey: Guid(cc767c10d36eaa748aaa5b008bf78528) Importer(815301076,1909f56bfc062723c751e8b465ee728b)
Start importing Assets/LowPoly Environment Pack/FBX/Terrain_2.fbx using Guid(cc767c10d36eaa748aaa5b008bf78528) Importer(815301076,1909f56bfc062723c751e8b465ee728b)  -> (artifact id: 'ce2a3cea5b486fbfda327ee4d9b3a31d') in 0.147459 seconds 
========================================================================
Received Import Request.
  Time since last request: 0.000313 seconds.
  path: Assets/LowPoly Environment Pack/FBX/Terrain_1.fbx
  artifactKey: Guid(dcf51a1e867a87e4596f1c757cbdb947) Importer(815301076,1909f56bfc062723c751e8b465ee728b)
Start importing Assets/LowPoly Environment Pack/FBX/Terrain_1.fbx using Guid(dcf51a1e867a87e4596f1c757cbdb947) Importer(815301076,1909f56bfc062723c751e8b465ee728b)  -> (artifact id: '9400b1480c8506730f4dea2b6d39298a') in 0.135130 seconds 
========================================================================
Received Import Request.
  Time since last request: 0.000266 seconds.
  path: Assets/LowPoly Environment Pack/FBX/Bush_2.fbx
  artifactKey: Guid(87ad1332cfca6934ea307ce26bfc9dec) Importer(815301076,1909f56bfc062723c751e8b465ee728b)
Start importing Assets/LowPoly Environment Pack/FBX/Bush_2.fbx using Guid(87ad1332cfca6934ea307ce26bfc9dec) Importer(815301076,1909f56bfc062723c751e8b465ee728b)  -> (artifact id: '2c8df61a654de1900a9275325a53be7d') in 0.074093 seconds 
========================================================================
Received Import Request.
  Time since last request: 0.000256 seconds.
  path: Assets/LowPoly Environment Pack/FBX/Environment_1.fbx
  artifactKey: Guid(a9a560b7bc05a6a46978b53fe4b40f49) Importer(815301076,1909f56bfc062723c751e8b465ee728b)
Start importing Assets/LowPoly Environment Pack/FBX/Environment_1.fbx using Guid(a9a560b7bc05a6a46978b53fe4b40f49) Importer(815301076,1909f56bfc062723c751e8b465ee728b)  -> (artifact id: '36a8a882fa06b392933ab51809836ef0') in 0.064260 seconds 
========================================================================
Received Import Request.
  Time since last request: 0.000287 seconds.
  path: Assets/LowPoly Environment Pack/FBX/Mounting_2.fbx
  artifactKey: Guid(bf8d317df722d644f99e8ff3926c99d9) Importer(815301076,1909f56bfc062723c751e8b465ee728b)
Start importing Assets/LowPoly Environment Pack/FBX/Mounting_2.fbx using Guid(bf8d317df722d644f99e8ff3926c99d9) Importer(815301076,1909f56bfc062723c751e8b465ee728b)  -> (artifact id: '29ee690daa299a11b025461cb461d306') in 0.114615 seconds 
========================================================================
Received Import Request.
  Time since last request: 0.000304 seconds.
  path: Assets/LowPoly Environment Pack/FBX/Plant_7.fbx
  artifactKey: Guid(1840141b5d3f43e49a5c7980d5c40da4) Importer(815301076,1909f56bfc062723c751e8b465ee728b)
Start importing Assets/LowPoly Environment Pack/FBX/Plant_7.fbx using Guid(1840141b5d3f43e49a5c7980d5c40da4) Importer(815301076,1909f56bfc062723c751e8b465ee728b)  -> (artifact id: '476c2646bbda4d71423b1d708b636122') in 0.111926 seconds 
========================================================================
Received Import Request.
  Time since last request: 0.000265 seconds.
  path: Assets/LowPoly Environment Pack/FBX/Rock_5.fbx
  artifactKey: Guid(18cea87bdb7d0fa46986e492321f3d1e) Importer(815301076,1909f56bfc062723c751e8b465ee728b)
Start importing Assets/LowPoly Environment Pack/FBX/Rock_5.fbx using Guid(18cea87bdb7d0fa46986e492321f3d1e) Importer(815301076,1909f56bfc062723c751e8b465ee728b)  -> (artifact id: '1c63f9d1759cd1ce2055bc50581062bb') in 0.149949 seconds 
========================================================================
Received Import Request.
  Time since last request: 0.000344 seconds.
  path: Assets/LowPoly Environment Pack/FBX/Grass_2.fbx
  artifactKey: Guid(a0873148ac8296f43bcd8ca9f39271e3) Importer(815301076,1909f56bfc062723c751e8b465ee728b)
Start importing Assets/LowPoly Environment Pack/FBX/Grass_2.fbx using Guid(a0873148ac8296f43bcd8ca9f39271e3) Importer(815301076,1909f56bfc062723c751e8b465ee728b)  -> (artifact id: '0b8dde662efa82d90834a7f03ad3b23b') in 0.124703 seconds 
========================================================================
Received Import Request.
  Time since last request: 0.000250 seconds.
  path: Assets/LowPoly Environment Pack/FBX/Rock_2.fbx
  artifactKey: Guid(dfed2e9fb3d8ac84da441095f9422543) Importer(815301076,1909f56bfc062723c751e8b465ee728b)
Start importing Assets/LowPoly Environment Pack/FBX/Rock_2.fbx using Guid(dfed2e9fb3d8ac84da441095f9422543) Importer(815301076,1909f56bfc062723c751e8b465ee728b)  -> (artifact id: '7acc4068cbbc59d887bfe8a01a4bad1f') in 0.082439 seconds 
========================================================================
Received Import Request.
  Time since last request: 0.000278 seconds.
  path: Assets/LowPoly Environment Pack/FBX/Bush_3.fbx
  artifactKey: Guid(1e7949aa66587e540b15b43c6b92a25d) Importer(815301076,1909f56bfc062723c751e8b465ee728b)
Start importing Assets/LowPoly Environment Pack/FBX/Bush_3.fbx using Guid(1e7949aa66587e540b15b43c6b92a25d) Importer(815301076,1909f56bfc062723c751e8b465ee728b)  -> (artifact id: 'effca657727a8a20d1f68a65e81c6edb') in 0.066328 seconds 
========================================================================
Received Import Request.
  Time since last request: 0.000311 seconds.
  path: Assets/LowPoly Environment Pack/FBX/Rock_3.fbx
  artifactKey: Guid(f902b41e10cdd2d44aaf1ada606f5d3c) Importer(815301076,1909f56bfc062723c751e8b465ee728b)
Start importing Assets/LowPoly Environment Pack/FBX/Rock_3.fbx using Guid(f902b41e10cdd2d44aaf1ada606f5d3c) Importer(815301076,1909f56bfc062723c751e8b465ee728b)  -> (artifact id: '9b77dd86130e2cd53dfb6e2caa8ba094') in 0.088455 seconds 
========================================================================
Received Import Request.
  Time since last request: 33.147523 seconds.
  path: Assets/Textures/astronauta_normalmap.png
  artifactKey: Guid(baaa29670802f5a46bcad9ebd8e6cbc9) Importer(815301076,1909f56bfc062723c751e8b465ee728b)
Start importing Assets/Textures/astronauta_normalmap.png using Guid(baaa29670802f5a46bcad9ebd8e6cbc9) Importer(815301076,1909f56bfc062723c751e8b465ee728b)  -> (artifact id: 'ba3f77c7281969e4fbda2d3edff70156') in 0.067779 seconds 
========================================================================
Received Import Request.
  Time since last request: 9.984672 seconds.
  path: Assets/Textures/astronauta_normalmap.png
  artifactKey: Guid(baaa29670802f5a46bcad9ebd8e6cbc9) Importer(815301076,1909f56bfc062723c751e8b465ee728b)
Start importing Assets/Textures/astronauta_normalmap.png using Guid(baaa29670802f5a46bcad9ebd8e6cbc9) Importer(815301076,1909f56bfc062723c751e8b465ee728b)  -> (artifact id: '542c64e479cf13b293590c3e97d1a9a0') in 0.020959 seconds 
========================================================================
Received Import Request.
  Time since last request: 25.488823 seconds.
  path: Assets/Models/BaseMesh _Astronauta.fbx
  artifactKey: Guid(5c78f8f3c113c884093bc326e8fa770f) Importer(815301076,1909f56bfc062723c751e8b465ee728b)
Start importing Assets/Models/BaseMesh _Astronauta.fbx using Guid(5c78f8f3c113c884093bc326e8fa770f) Importer(815301076,1909f56bfc062723c751e8b465ee728b)  -> (artifact id: '3d00aee13211c52275ce476854f3692c') in 0.377462 seconds 
========================================================================
Received Import Request.
  Time since last request: 17.913057 seconds.
  path: Assets/3D Cartoon Village/Materials/_LightGray_.mat
  artifactKey: Guid(39e898393456ee64c94b931509d0b6bd) Importer(815301076,1909f56bfc062723c751e8b465ee728b)
Start importing Assets/3D Cartoon Village/Materials/_LightGray_.mat using Guid(39e898393456ee64c94b931509d0b6bd) Importer(815301076,1909f56bfc062723c751e8b465ee728b)  -> (artifact id: 'd7cd06fe217c569802517da2d01e6ccf') in 0.052062 seconds 
========================================================================
Received Import Request.
  Time since last request: 0.000310 seconds.
  path: Assets/AZURE Nature/Materials/Nature/AN_Bush_Branches.mat
  artifactKey: Guid(35ce917939531c349a9925449009cffc) Importer(815301076,1909f56bfc062723c751e8b465ee728b)
Start importing Assets/AZURE Nature/Materials/Nature/AN_Bush_Branches.mat using Guid(35ce917939531c349a9925449009cffc) Importer(815301076,1909f56bfc062723c751e8b465ee728b)  -> (artifact id: 'cfec3d42b2dc6a39fe584e8c2e1978bd') in 0.358728 seconds 
========================================================================
Received Import Request.
  Time since last request: 0.000190 seconds.
  path: Assets/AZURE Nature/Materials/Rocks/AN_Cliff_2_Cov.mat
  artifactKey: Guid(4ecd57366f334544299c5677316f1df9) Importer(815301076,1909f56bfc062723c751e8b465ee728b)
Start importing Assets/AZURE Nature/Materials/Rocks/AN_Cliff_2_Cov.mat using Guid(4ecd57366f334544299c5677316f1df9) Importer(815301076,1909f56bfc062723c751e8b465ee728b)  -> (artifact id: '29fd1dc89cd10527850a3e3770ecbab5') in 0.899323 seconds 
========================================================================
Received Import Request.
  Time since last request: 0.000312 seconds.
  path: Assets/AZURE Nature/Materials/Nature/AN_Birch_Bark.mat
  artifactKey: Guid(9ba67f4f3efcb2f4ba5fedb55102299f) Importer(815301076,1909f56bfc062723c751e8b465ee728b)
Start importing Assets/AZURE Nature/Materials/Nature/AN_Birch_Bark.mat using Guid(9ba67f4f3efcb2f4ba5fedb55102299f) Importer(815301076,1909f56bfc062723c751e8b465ee728b)  -> (artifact id: '0d1093669274952ef92b0bfbdd22a35d') in 0.382774 seconds 
========================================================================
Received Import Request.
  Time since last request: 0.000327 seconds.
  path: Assets/AZURE Nature/Materials/Nature/AN_Bush_Flowers.mat
  artifactKey: Guid(a3826727875ebd4499cb5fb333467b6a) Importer(815301076,1909f56bfc062723c751e8b465ee728b)
Start importing Assets/AZURE Nature/Materials/Nature/AN_Bush_Flowers.mat using Guid(a3826727875ebd4499cb5fb333467b6a) Importer(815301076,1909f56bfc062723c751e8b465ee728b)  -> (artifact id: '499e97666df8d5cce3c77677fdf48276') in 0.307378 seconds 
========================================================================
Received Import Request.
  Time since last request: 0.000322 seconds.
  path: Assets/AZURE Nature/Materials/Nature/AN_Flowers.mat
  artifactKey: Guid(75c8c152672dcb84fb37e70c16c34021) Importer(815301076,1909f56bfc062723c751e8b465ee728b)
Start importing Assets/AZURE Nature/Materials/Nature/AN_Flowers.mat using Guid(75c8c152672dcb84fb37e70c16c34021) Importer(815301076,1909f56bfc062723c751e8b465ee728b)  -> (artifact id: '44e11f126df1debdb0aa8c1b6fa1a34f') in 0.250639 seconds 
========================================================================
Received Import Request.
  Time since last request: 0.000335 seconds.
  path: Assets/AZURE Nature/Materials/Nature/AN_Reeds.mat
  artifactKey: Guid(aa46c49577171964d87f679e5426d03f) Importer(815301076,1909f56bfc062723c751e8b465ee728b)
Start importing Assets/AZURE Nature/Materials/Nature/AN_Reeds.mat using Guid(aa46c49577171964d87f679e5426d03f) Importer(815301076,1909f56bfc062723c751e8b465ee728b)  -> (artifact id: 'ff65e1acab19202567e8464bc358eb27') in 0.341315 seconds 
========================================================================
Received Import Request.
  Time since last request: 0.000296 seconds.
  path: Assets/AZURE Nature/Materials/Nature/AN_Fir_Branch.mat
  artifactKey: Guid(edc84dc1728b0fc458b4a8ef97842c2e) Importer(815301076,1909f56bfc062723c751e8b465ee728b)
Start importing Assets/AZURE Nature/Materials/Nature/AN_Fir_Branch.mat using Guid(edc84dc1728b0fc458b4a8ef97842c2e) Importer(815301076,1909f56bfc062723c751e8b465ee728b)  -> (artifact id: '64f966e4ccc3e8a75ee1f6311ebf6eef') in 0.254145 seconds 
========================================================================
Received Import Request.
  Time since last request: 0.000274 seconds.
  path: Assets/AZURE Nature/Materials/Nature/AN_Grass_1.mat
  artifactKey: Guid(6eaf6b958c00dd2458d54d6b64bc31ce) Importer(815301076,1909f56bfc062723c751e8b465ee728b)
Start importing Assets/AZURE Nature/Materials/Nature/AN_Grass_1.mat using Guid(6eaf6b958c00dd2458d54d6b64bc31ce) Importer(815301076,1909f56bfc062723c751e8b465ee728b)  -> (artifact id: 'aeaa93ca329f91f252af7078cfde20c6') in 0.132082 seconds 
========================================================================
Received Import Request.
  Time since last request: 0.000319 seconds.
  path: Assets/AZURE Nature/Materials/Nature/AN_Flowers_Purple.mat
  artifactKey: Guid(c2d7be60ab79a734f877f71ef44f232d) Importer(815301076,1909f56bfc062723c751e8b465ee728b)
Start importing Assets/AZURE Nature/Materials/Nature/AN_Flowers_Purple.mat using Guid(c2d7be60ab79a734f877f71ef44f232d) Importer(815301076,1909f56bfc062723c751e8b465ee728b)  -> (artifact id: '8c102f607ecc1d44a310d92abe10b372') in 0.181759 seconds 
========================================================================
Received Import Request.
  Time since last request: 0.000328 seconds.
  path: Assets/AZURE Nature/Materials/FX/AN_GodRays_Glow.mat
  artifactKey: Guid(517079be638369849bf6df2353fa3296) Importer(815301076,1909f56bfc062723c751e8b465ee728b)
Start importing Assets/AZURE Nature/Materials/FX/AN_GodRays_Glow.mat using Guid(517079be638369849bf6df2353fa3296) Importer(815301076,1909f56bfc062723c751e8b465ee728b)  -> (artifact id: '9f30c734108e8032e1676de6a65e9a33') in 0.206178 seconds 
========================================================================
Received Import Request.
  Time since last request: 0.000435 seconds.
  path: Assets/AZURE Nature/Materials/Nature/AN_Mushrooms.mat
  artifactKey: Guid(3a4fa83fd3986ea4d99f91acc2dd558c) Importer(815301076,1909f56bfc062723c751e8b465ee728b)
Start importing Assets/AZURE Nature/Materials/Nature/AN_Mushrooms.mat using Guid(3a4fa83fd3986ea4d99f91acc2dd558c) Importer(815301076,1909f56bfc062723c751e8b465ee728b)  -> (artifact id: 'b5b5fce3f42dbc82d9d606f0357d4530') in 0.062365 seconds 
========================================================================
Received Import Request.
  Time since last request: 0.000274 seconds.
  path: Assets/AZURE Nature/Materials/Rocks/AN_Cliff_1_Cov.mat
  artifactKey: Guid(23d1fbae1bf6b48409d6f19648cb36dc) Importer(815301076,1909f56bfc062723c751e8b465ee728b)
Start importing Assets/AZURE Nature/Materials/Rocks/AN_Cliff_1_Cov.mat using Guid(23d1fbae1bf6b48409d6f19648cb36dc) Importer(815301076,1909f56bfc062723c751e8b465ee728b)  -> (artifact id: '1596ddfcd913e22b75b50e6416537136') in 0.243320 seconds 
========================================================================
Received Import Request.
  Time since last request: 0.000335 seconds.
  path: Assets/AZURE Nature/Demo/AN_Demo/AN_Demo_Skybox.mat
  artifactKey: Guid(acdc62d6857c11f4c87c7908f12ef858) Importer(815301076,1909f56bfc062723c751e8b465ee728b)
Start importing Assets/AZURE Nature/Demo/AN_Demo/AN_Demo_Skybox.mat using Guid(acdc62d6857c11f4c87c7908f12ef858) Importer(815301076,1909f56bfc062723c751e8b465ee728b)  -> (artifact id: '72111f164c659e0c7aaec562acc32478') in 0.296203 seconds 
========================================================================
Received Import Request.
  Time since last request: 0.000338 seconds.
  path: Assets/AZURE Nature/Materials/Nature/AN_Bush_Leaves_2.mat
  artifactKey: Guid(3ddaf7ac0d1c10e43832f58ff5ab876b) Importer(815301076,1909f56bfc062723c751e8b465ee728b)
Start importing Assets/AZURE Nature/Materials/Nature/AN_Bush_Leaves_2.mat using Guid(3ddaf7ac0d1c10e43832f58ff5ab876b) Importer(815301076,1909f56bfc062723c751e8b465ee728b)  -> (artifact id: 'fdd8ea5dee6fff5dfa6000fc0eca9649') in 0.322696 seconds 
========================================================================
Received Import Request.
  Time since last request: 0.000254 seconds.
  path: Assets/AZURE Nature/Materials/Rocks/AN_Cliff_1.mat
  artifactKey: Guid(3e8a8f0bdf00e90459586a54c2f4d200) Importer(815301076,1909f56bfc062723c751e8b465ee728b)
Start importing Assets/AZURE Nature/Materials/Rocks/AN_Cliff_1.mat using Guid(3e8a8f0bdf00e90459586a54c2f4d200) Importer(815301076,1909f56bfc062723c751e8b465ee728b)  -> (artifact id: 'be79f647d45aec73d5973e340b799150') in 0.212633 seconds 
========================================================================
Received Import Request.
  Time since last request: 0.000246 seconds.
  path: Assets/AZURE Nature/Materials/Nature/AN_Bush_Leaves.mat
  artifactKey: Guid(dd386f1025075e24ba268b511beb6575) Importer(815301076,1909f56bfc062723c751e8b465ee728b)
Start importing Assets/AZURE Nature/Materials/Nature/AN_Bush_Leaves.mat using Guid(dd386f1025075e24ba268b511beb6575) Importer(815301076,1909f56bfc062723c751e8b465ee728b)  -> (artifact id: '03e1fa74eb6b91e3fbb7c665ef2e1883') in 0.052453 seconds 
========================================================================
Received Import Request.
  Time since last request: 0.000249 seconds.
  path: Assets/AZURE Nature/Materials/FX/AN_Leaf_Green.mat
  artifactKey: Guid(e58ff5389281dd44195b4986af6238aa) Importer(815301076,1909f56bfc062723c751e8b465ee728b)
Start importing Assets/AZURE Nature/Materials/FX/AN_Leaf_Green.mat using Guid(e58ff5389281dd44195b4986af6238aa) Importer(815301076,1909f56bfc062723c751e8b465ee728b)  -> (artifact id: '2cdf0802baeeaa758f9690965122f338') in 0.172666 seconds 
========================================================================
Received Import Request.
  Time since last request: 0.000363 seconds.
  path: Assets/AZURE Nature/Materials/Nature/AN_Broadleaf_Leaves_1.mat
  artifactKey: Guid(938d2f0d65494a643b06866694269262) Importer(815301076,1909f56bfc062723c751e8b465ee728b)
Start importing Assets/AZURE Nature/Materials/Nature/AN_Broadleaf_Leaves_1.mat using Guid(938d2f0d65494a643b06866694269262) Importer(815301076,1909f56bfc062723c751e8b465ee728b)  -> (artifact id: '73a15eb06bef655bd1a1f08dd284e3ca') in 0.163048 seconds 
========================================================================
Received Import Request.
  Time since last request: 0.000247 seconds.
  path: Assets/AZURE Nature/Materials/Nature/AN_Broadleaf_Leaves_2.mat
  artifactKey: Guid(d5b0e091beb557d4eacd100d9751e1cf) Importer(815301076,1909f56bfc062723c751e8b465ee728b)
Start importing Assets/AZURE Nature/Materials/Nature/AN_Broadleaf_Leaves_2.mat using Guid(d5b0e091beb557d4eacd100d9751e1cf) Importer(815301076,1909f56bfc062723c751e8b465ee728b)  -> (artifact id: '714d5532d8f2114e2dd17bba956d1c86') in 0.078934 seconds 
========================================================================
Received Import Request.
  Time since last request: 0.000342 seconds.
  path: Assets/AZURE Nature/Materials/Rocks/AN_Cliff_2.mat
  artifactKey: Guid(da0b6a3af42c51241ae88077906d50cb) Importer(815301076,1909f56bfc062723c751e8b465ee728b)
Start importing Assets/AZURE Nature/Materials/Rocks/AN_Cliff_2.mat using Guid(da0b6a3af42c51241ae88077906d50cb) Importer(815301076,1909f56bfc062723c751e8b465ee728b)  -> (artifact id: '113469035ab98621aa65cdb417c3a2ae') in 0.054668 seconds 
========================================================================
Received Import Request.
  Time since last request: 0.000272 seconds.
  path: Assets/AZURE Nature/Materials/Nature/AN_Birch_Leaves.mat
  artifactKey: Guid(21ebd6624603c6245b74c69d227aa896) Importer(815301076,1909f56bfc062723c751e8b465ee728b)
Start importing Assets/AZURE Nature/Materials/Nature/AN_Birch_Leaves.mat using Guid(21ebd6624603c6245b74c69d227aa896) Importer(815301076,1909f56bfc062723c751e8b465ee728b)  -> (artifact id: '510b93511449f3e1cf056e3a0b259819') in 0.063806 seconds 
========================================================================
Received Import Request.
  Time since last request: 0.000257 seconds.
  path: Assets/AZURE Nature/Materials/Nature/AN_Reedmace.mat
  artifactKey: Guid(145a274756fa29145a59a0dea7b822a8) Importer(815301076,1909f56bfc062723c751e8b465ee728b)
Start importing Assets/AZURE Nature/Materials/Nature/AN_Reedmace.mat using Guid(145a274756fa29145a59a0dea7b822a8) Importer(815301076,1909f56bfc062723c751e8b465ee728b)  -> (artifact id: '6fb761633235bdaf8316d70443521d0b') in 0.086279 seconds 
========================================================================
Received Import Request.
  Time since last request: 0.000277 seconds.
  path: Assets/AZURE Nature/Materials/Nature/AN_DeadTree_Bark.mat
  artifactKey: Guid(fbe76b8cb064688438d22fdbbc5071ee) Importer(815301076,1909f56bfc062723c751e8b465ee728b)
Start importing Assets/AZURE Nature/Materials/Nature/AN_DeadTree_Bark.mat using Guid(fbe76b8cb064688438d22fdbbc5071ee) Importer(815301076,1909f56bfc062723c751e8b465ee728b)  -> (artifact id: 'a1e3473349d8a720afbd20235acaf9ef') in 0.229887 seconds 
========================================================================
Received Import Request.
  Time since last request: 0.000253 seconds.
  path: Assets/AZURE Nature/Materials/Nature/AN_Fir_Bark.mat
  artifactKey: Guid(232663b7e003870478ab27e8a630519e) Importer(815301076,1909f56bfc062723c751e8b465ee728b)
Start importing Assets/AZURE Nature/Materials/Nature/AN_Fir_Bark.mat using Guid(232663b7e003870478ab27e8a630519e) Importer(815301076,1909f56bfc062723c751e8b465ee728b)  -> (artifact id: 'a2313abeca26deaa74c67ce0a199fce3') in 0.588190 seconds 
========================================================================
Received Import Request.
  Time since last request: 0.000245 seconds.
  path: Assets/AZURE Nature/Materials/Nature/AN_Broadleaf_Bark.mat
  artifactKey: Guid(11b386df1c4173a479719155b1160910) Importer(815301076,1909f56bfc062723c751e8b465ee728b)
Start importing Assets/AZURE Nature/Materials/Nature/AN_Broadleaf_Bark.mat using Guid(11b386df1c4173a479719155b1160910) Importer(815301076,1909f56bfc062723c751e8b465ee728b)  -> (artifact id: '53f3484a312cc5ab3506799215534187') in 0.035288 seconds 
========================================================================
Received Import Request.
  Time since last request: 0.000302 seconds.
  path: Assets/AZURE Nature/Materials/Nature/AN_Grass_2.mat
  artifactKey: Guid(d862d52e14d58534a98fa6b0bae2e9a9) Importer(815301076,1909f56bfc062723c751e8b465ee728b)
Start importing Assets/AZURE Nature/Materials/Nature/AN_Grass_2.mat using Guid(d862d52e14d58534a98fa6b0bae2e9a9) Importer(815301076,1909f56bfc062723c751e8b465ee728b)  -> (artifact id: '75c2b14e12fb69976335faec21eb9455') in 0.080195 seconds 
========================================================================
Received Import Request.
  Time since last request: 0.000298 seconds.
  path: Assets/AZURE Nature/Materials/FX/AN_Leaf_Orange.mat
  artifactKey: Guid(5540d6a8feae5ec4680b0810141cdb01) Importer(815301076,1909f56bfc062723c751e8b465ee728b)
Start importing Assets/AZURE Nature/Materials/FX/AN_Leaf_Orange.mat using Guid(5540d6a8feae5ec4680b0810141cdb01) Importer(815301076,1909f56bfc062723c751e8b465ee728b)  -> (artifact id: 'bb4772a07dd42e92bafbc23f961a873c') in 0.035528 seconds 
========================================================================
Received Import Request.
  Time since last request: 10.571475 seconds.
  path: Assets/RPG Character Animation Pack FREE/SuperCharacterController/Materials/BluePlastic.mat
  artifactKey: Guid(09238216794b460489da82f8f4464580) Importer(815301076,1909f56bfc062723c751e8b465ee728b)
Start importing Assets/RPG Character Animation Pack FREE/SuperCharacterController/Materials/BluePlastic.mat using Guid(09238216794b460489da82f8f4464580) Importer(815301076,1909f56bfc062723c751e8b465ee728b)  -> (artifact id: 'adaacfead7a5517ddabdc0cd26a457c0') in 0.597507 seconds 
========================================================================
Received Import Request.
  Time since last request: 0.000348 seconds.
  path: Assets/unity-chan!/Unity-chan! Model/Art/UnityChanShader/Materials/eyebase.mat
  artifactKey: Guid(c7d8484a18b294b4ea192d6a82f2e0d5) Importer(815301076,1909f56bfc062723c751e8b465ee728b)
Start importing Assets/unity-chan!/Unity-chan! Model/Art/UnityChanShader/Materials/eyebase.mat using Guid(c7d8484a18b294b4ea192d6a82f2e0d5) Importer(815301076,1909f56bfc062723c751e8b465ee728b)  -> (artifact id: '0f757c87cdbd87f1d69d26684666dfbb') in 0.246723 seconds 
========================================================================
Received Import Request.
  Time since last request: 0.000265 seconds.
  path: Assets/unity-chan!/Unity-chan! Model/Art/Materials/eyebase.mat
  artifactKey: Guid(9bec51fc47eda6047ba5cc01addbf46f) Importer(815301076,1909f56bfc062723c751e8b465ee728b)
Start importing Assets/unity-chan!/Unity-chan! Model/Art/Materials/eyebase.mat using Guid(9bec51fc47eda6047ba5cc01addbf46f) Importer(815301076,1909f56bfc062723c751e8b465ee728b)  -> (artifact id: 'd2a7b40a36da060f6e7cf5ee1135c335') in 1.259611 seconds 
========================================================================
Received Import Request.
  Time since last request: 0.000344 seconds.
  path: Assets/48 Particle Effect Pack/Texture/Flash.mat
  artifactKey: Guid(1b50e61b749b338478dc4441f0ab6bbf) Importer(815301076,1909f56bfc062723c751e8b465ee728b)
Start importing Assets/48 Particle Effect Pack/Texture/Flash.mat using Guid(1b50e61b749b338478dc4441f0ab6bbf) Importer(815301076,1909f56bfc062723c751e8b465ee728b)  -> (artifact id: 'b030efe3e1a24646b37e89e8072c6ae0') in 0.410544 seconds 
========================================================================
Received Import Request.
  Time since last request: 0.000339 seconds.
  path: Assets/48 Particle Effect Pack/Texture/Flash4.mat
  artifactKey: Guid(4e4630e8ac8994249b4f6d41f738e518) Importer(815301076,1909f56bfc062723c751e8b465ee728b)
Start importing Assets/48 Particle Effect Pack/Texture/Flash4.mat using Guid(4e4630e8ac8994249b4f6d41f738e518) Importer(815301076,1909f56bfc062723c751e8b465ee728b)  -> (artifact id: '9236082a47190727a9bd8c01bf15acc2') in 0.092353 seconds 
========================================================================
Received Import Request.
  Time since last request: 0.000282 seconds.
  path: Assets/3D Chest Object/FBX/Materials/treasure_chest.mat
  artifactKey: Guid(9d8e0be124aa11145898bfca520d7eb5) Importer(815301076,1909f56bfc062723c751e8b465ee728b)
Start importing Assets/3D Chest Object/FBX/Materials/treasure_chest.mat using Guid(9d8e0be124aa11145898bfca520d7eb5) Importer(815301076,1909f56bfc062723c751e8b465ee728b)  -> (artifact id: '57d39b0e03b830d72c8ad2b68159d96e') in 0.201538 seconds 
========================================================================
Received Import Request.
  Time since last request: 0.000338 seconds.
  path: Assets/48 Particle Effect Pack/Texture/Flash3.mat
  artifactKey: Guid(b800d39fd2d4f88498c4a85b29f62906) Importer(815301076,1909f56bfc062723c751e8b465ee728b)
Start importing Assets/48 Particle Effect Pack/Texture/Flash3.mat using Guid(b800d39fd2d4f88498c4a85b29f62906) Importer(815301076,1909f56bfc062723c751e8b465ee728b)  -> (artifact id: 'cd7e7abcb3d6b3f72e0b1d53af9ed61d') in 0.111458 seconds 
========================================================================
Received Import Request.
  Time since last request: 0.000333 seconds.
  path: Assets/48 Particle Effect Pack/Texture/Flash2.mat
  artifactKey: Guid(bd0236ac54d4bdb439a46bca1fdbcbec) Importer(815301076,1909f56bfc062723c751e8b465ee728b)
Start importing Assets/48 Particle Effect Pack/Texture/Flash2.mat using Guid(bd0236ac54d4bdb439a46bca1fdbcbec) Importer(815301076,1909f56bfc062723c751e8b465ee728b)  -> (artifact id: '0ee2ca2c40f70ba646ec2af64e5446da') in 0.092906 seconds 
========================================================================
Received Import Request.
  Time since last request: 65.431695 seconds.
  path: Assets/materials/black-hole-spirals-circles-1983154.mat
  artifactKey: Guid(7dbb810bb8a92484bb4e992ceceec2f3) Importer(815301076,1909f56bfc062723c751e8b465ee728b)
Start importing Assets/materials/black-hole-spirals-circles-1983154.mat using Guid(7dbb810bb8a92484bb4e992ceceec2f3) Importer(815301076,1909f56bfc062723c751e8b465ee728b)  -> (artifact id: 'e4615d12eb770165a4361ea14ecb57ce') in 1.003847 seconds 
========================================================================
Received Import Request.
  Time since last request: 0.000364 seconds.
  path: Assets/materials/materiero.mat
  artifactKey: Guid(25ef37b4d0f227c46acd94c2cf1026b8) Importer(815301076,1909f56bfc062723c751e8b465ee728b)
Start importing Assets/materials/materiero.mat using Guid(25ef37b4d0f227c46acd94c2cf1026b8) Importer(815301076,1909f56bfc062723c751e8b465ee728b)  -> (artifact id: '042727f8553ffd27858dd9f75cfe3652') in 0.034076 seconds 
========================================================================
Received Import Request.
  Time since last request: 0.000331 seconds.
  path: Assets/materials/materiero 1.mat
  artifactKey: Guid(aa624be85d8faef449bb67ae96c956e7) Importer(815301076,1909f56bfc062723c751e8b465ee728b)
Start importing Assets/materials/materiero 1.mat using Guid(aa624be85d8faef449bb67ae96c956e7) Importer(815301076,1909f56bfc062723c751e8b465ee728b)  -> (artifact id: '8ad208f506b208609a26c554d9ad8218') in 0.027893 seconds 
========================================================================
Received Import Request.
  Time since last request: 0.000267 seconds.
  path: Assets/materials/dcatyft-3d286c66-03cc-448e-b8d8-a4f0a3a2fc26.mat
  artifactKey: Guid(7f6bb52e7b35c3841a9fddadd55ee8a9) Importer(815301076,1909f56bfc062723c751e8b465ee728b)
Start importing Assets/materials/dcatyft-3d286c66-03cc-448e-b8d8-a4f0a3a2fc26.mat using Guid(7f6bb52e7b35c3841a9fddadd55ee8a9) Importer(815301076,1909f56bfc062723c751e8b465ee728b)  -> (artifact id: '8742b8eff172d971a96ee5c425bb3e45') in 0.913770 seconds 
========================================================================
Received Import Request.
  Time since last request: 0.000306 seconds.
  path: Assets/materials/tocha.prefab
  artifactKey: Guid(e1135ec09bee17844895674976cd2608) Importer(815301076,1909f56bfc062723c751e8b465ee728b)
Start importing Assets/materials/tocha.prefab using Guid(e1135ec09bee17844895674976cd2608) Importer(815301076,1909f56bfc062723c751e8b465ee728b)  -> (artifact id: '844f283bc87cf01744cc3bd16d213d5d') in 0.172542 seconds 
========================================================================
Received Import Request.
  Time since last request: 0.000291 seconds.
  path: Assets/materials/Pureblack.mat
  artifactKey: Guid(1db4a1505aabd174987290a32297aab3) Importer(815301076,1909f56bfc062723c751e8b465ee728b)
Start importing Assets/materials/Pureblack.mat using Guid(1db4a1505aabd174987290a32297aab3) Importer(815301076,1909f56bfc062723c751e8b465ee728b)  -> (artifact id: '7c163edc7ca908516b448694e0a18aac') in 0.052425 seconds 
========================================================================
Received Import Request.
  Time since last request: 0.000249 seconds.
  path: Assets/materials/Sky.mat
  artifactKey: Guid(ca03d3536ac2a0a4b8fd7925ce10f5d8) Importer(815301076,1909f56bfc062723c751e8b465ee728b)
Start importing Assets/materials/Sky.mat using Guid(ca03d3536ac2a0a4b8fd7925ce10f5d8) Importer(815301076,1909f56bfc062723c751e8b465ee728b)  -> (artifact id: '12d0ae645eeee597fb3a517696aed4bf') in 0.026235 seconds 
========================================================================
Received Import Request.
  Time since last request: 0.000332 seconds.
  path: Assets/materials/Material_235.mat
  artifactKey: Guid(b875a49bf3944e14da4b1ec33bb0fd71) Importer(815301076,1909f56bfc062723c751e8b465ee728b)
Start importing Assets/materials/Material_235.mat using Guid(b875a49bf3944e14da4b1ec33bb0fd71) Importer(815301076,1909f56bfc062723c751e8b465ee728b)  -> (artifact id: '6a8133e5654f5830f58b7a1a6bccb14b') in 0.550339 seconds 
========================================================================
Received Import Request.
  Time since last request: 0.000344 seconds.
  path: Assets/materials/materiero 2.mat
  artifactKey: Guid(7b47b02db6783fa428eb00db46c9d172) Importer(815301076,1909f56bfc062723c751e8b465ee728b)
Start importing Assets/materials/materiero 2.mat using Guid(7b47b02db6783fa428eb00db46c9d172) Importer(815301076,1909f56bfc062723c751e8b465ee728b)  -> (artifact id: 'ccc0a25c8dcb0892fa116193c1344e9f') in 0.069036 seconds 
========================================================================
Received Import Request.
  Time since last request: 0.000338 seconds.
  path: Assets/materials/Emission.mat
  artifactKey: Guid(ba8068a389004f845a4e8b533c2d192f) Importer(815301076,1909f56bfc062723c751e8b465ee728b)
Start importing Assets/materials/Emission.mat using Guid(ba8068a389004f845a4e8b533c2d192f) Importer(815301076,1909f56bfc062723c751e8b465ee728b)  -> (artifact id: 'd6aa50c06f70b1cb46f5d519f0e5da42') in 0.049973 seconds 
========================================================================
Received Import Request.
  Time since last request: 0.000307 seconds.
  path: Assets/materials/Cirrus2 Alpha.mat
  artifactKey: Guid(26d819d0279f07b418fd2ee28a274261) Importer(815301076,1909f56bfc062723c751e8b465ee728b)
Start importing Assets/materials/Cirrus2 Alpha.mat using Guid(26d819d0279f07b418fd2ee28a274261) Importer(815301076,1909f56bfc062723c751e8b465ee728b)  -> (artifact id: 'f66ef724485e3c4d13fb1c3def23c29d') in 0.873668 seconds 
========================================================================
Received Import Request.
  Time since last request: 0.000307 seconds.
  path: Assets/materials/Water.mat
  artifactKey: Guid(94dddcf912166fe43a78f1139de8439a) Importer(815301076,1909f56bfc062723c751e8b465ee728b)
Start importing Assets/materials/Water.mat using Guid(94dddcf912166fe43a78f1139de8439a) Importer(815301076,1909f56bfc062723c751e8b465ee728b)  -> (artifact id: '54d11cbf3b470436e7dad695a279c3a2') in 0.358237 seconds 
