Using pre-set license
Built from '2020.3/staging' branch; Version is '2020.3.32f1 (12f8b0834f07) revision 1243312'; Using compiler version '192528614'; Build Type 'Release'
OS: 'Windows 10  (10.0.19044) 64bit Professional' Language: 'pt' Physical Memory: 8150 MB
BatchMode: 1, IsHumanControllingUs: 0, StartBugReporterOnCrash: 0, Is64bit: 1, IsPro: 0

COMMAND LINE ARGUMENTS:
C:\Program Files\Unity 2020.3.32f1\Editor\Unity.exe
-adb2
-batchMode
-noUpm
-name
AssetImportWorker7
-projectPath
C:/Users/nicol/OneDrive/Documents/GitHub/LookAway/LookAway
-logFile
Logs/AssetImportWorker7.log
-srvPort
1507
Successfully changed project path to: C:/Users/nicol/OneDrive/Documents/GitHub/LookAway/LookAway
C:/Users/nicol/OneDrive/Documents/GitHub/LookAway/LookAway
Using Asset Import Pipeline V2.
Refreshing native plugins compatible for Editor in 122.18 ms, found 2 plugins.
Preloading 0 native plugins for Editor in 0.00 ms.
Initialize engine version: 2020.3.32f1 (12f8b0834f07)
[Subsystems] Discovering subsystems at path C:/Program Files/Unity 2020.3.32f1/Editor/Data/Resources/UnitySubsystems
[Subsystems] Discovering subsystems at path C:/Users/nicol/OneDrive/Documents/GitHub/LookAway/LookAway/Assets
GfxDevice: creating device client; threaded=0
Direct3D:
    Version:  Direct3D 11.0 [level 11.1]
    Renderer: NVIDIA GeForce GTX 1050 (ID=0x1c81)
    Vendor:   
    VRAM:     1977 MB
    Driver:   27.21.14.6647
Initialize mono
Mono path[0] = 'C:/Program Files/Unity 2020.3.32f1/Editor/Data/Managed'
Mono path[1] = 'C:/Program Files/Unity 2020.3.32f1/Editor/Data/MonoBleedingEdge/lib/mono/unityjit'
Mono config path = 'C:/Program Files/Unity 2020.3.32f1/Editor/Data/MonoBleedingEdge/etc'
Using monoOptions --debugger-agent=transport=dt_socket,embedding=1,server=y,suspend=n,address=127.0.0.1:56368
Begin MonoManager ReloadAssembly
Registering precompiled unity dll's ...
Register platform support module: C:/Program Files/Unity 2020.3.32f1/Editor/Data/PlaybackEngines/WindowsStandaloneSupport/UnityEditor.WindowsStandalone.Extensions.dll
Registered in 0.002424 seconds.
Native extension for WindowsStandalone target not found
Refreshing native plugins compatible for Editor in 107.73 ms, found 2 plugins.
Preloading 0 native plugins for Editor in 0.00 ms.
Unable to find bridge dll in registry for Microsoft Visual Studio Tools for Unity for C:\Program Files (x86)\Microsoft Visual Studio\2019\Community\Common7\IDE\devenv.exe
Mono: successfully reloaded assembly
- Completed reload, in  0.705 seconds
Domain Reload Profiling:
	ReloadAssembly (705ms)
		BeginReloadAssembly (74ms)
			ExecutionOrderSort (0ms)
			DisableScriptedObjects (0ms)
			BackupInstance (0ms)
			ReleaseScriptingObjects (0ms)
			CreateAndSetChildDomain (1ms)
		EndReloadAssembly (550ms)
			LoadAssemblies (72ms)
			RebuildTransferFunctionScriptingTraits (0ms)
			SetupTypeCache (165ms)
			ReleaseScriptCaches (0ms)
			RebuildScriptCaches (30ms)
			SetupLoadedEditorAssemblies (241ms)
				LogAssemblyErrors (0ms)
				InitializePlatformSupportModulesInManaged (4ms)
				SetLoadedEditorAssemblies (0ms)
				RefreshPlugins (108ms)
				BeforeProcessingInitializeOnLoad (13ms)
				ProcessInitializeOnLoadAttributes (87ms)
				ProcessInitializeOnLoadMethodAttributes (28ms)
				AfterProcessingInitializeOnLoad (0ms)
				EditorAssembliesLoaded (0ms)
			ExecutionOrderSort2 (0ms)
			AwakeInstancesAfterBackupRestoration (0ms)
Platform modules already initialized, skipping
Registering precompiled user dll's ...
Registered in 0.008925 seconds.
Begin MonoManager ReloadAssembly
Symbol file LoadedFromMemory doesn't match image C:\Users\nicol\OneDrive\Documents\GitHub\LookAway\LookAway\Library\PackageCache\com.unity.collab-proxy@1.15.15\Lib\Editor\PlasticSCM\unityplastic.dll
Native extension for WindowsStandalone target not found
Refreshing native plugins compatible for Editor in 115.04 ms, found 2 plugins.
Preloading 0 native plugins for Editor in 0.00 ms.
Mono: successfully reloaded assembly
- Completed reload, in  7.690 seconds
Domain Reload Profiling:
	ReloadAssembly (7736ms)
		BeginReloadAssembly (172ms)
			ExecutionOrderSort (0ms)
			DisableScriptedObjects (5ms)
			BackupInstance (0ms)
			ReleaseScriptingObjects (0ms)
			CreateAndSetChildDomain (20ms)
		EndReloadAssembly (6964ms)
			LoadAssemblies (5550ms)
			RebuildTransferFunctionScriptingTraits (0ms)
			SetupTypeCache (401ms)
			ReleaseScriptCaches (1ms)
			RebuildScriptCaches (70ms)
			SetupLoadedEditorAssemblies (755ms)
				LogAssemblyErrors (0ms)
				InitializePlatformSupportModulesInManaged (5ms)
				SetLoadedEditorAssemblies (0ms)
				RefreshPlugins (115ms)
				BeforeProcessingInitializeOnLoad (138ms)
				ProcessInitializeOnLoadAttributes (328ms)
				ProcessInitializeOnLoadMethodAttributes (159ms)
				AfterProcessingInitializeOnLoad (9ms)
				EditorAssembliesLoaded (0ms)
			ExecutionOrderSort2 (0ms)
			AwakeInstancesAfterBackupRestoration (7ms)
Platform modules already initialized, skipping
========================================================================
Worker process is ready to serve import requests
Launched and connected shader compiler UnityShaderCompiler.exe after 0.58 seconds
Refreshing native plugins compatible for Editor in 1.28 ms, found 2 plugins.
Preloading 0 native plugins for Editor in 0.00 ms.
Unloading 4331 Unused Serialized files (Serialized files now loaded: 0)
System memory in use before: 209.3 MB.
System memory in use after: 209.5 MB.

Unloading 63 unused Assets to reduce memory usage. Loaded Objects now: 4738.
Total: 155.439700 ms (FindLiveObjects: 0.452400 ms CreateObjectMapping: 0.339400 ms MarkObjects: 154.435300 ms  DeleteObjects: 0.209700 ms)

AssetImportParameters requested are different than current active one (requested -> active):
  custom:framework-win-MediaFoundation: 216162199b28c13a410421893ffa2e32 -> 
  custom:video-decoder-ogg-theora: a1e56fd34408186e4bbccfd4996cb3dc -> 
  custom:container-muxer-webm: aa71ff27fc2769a1b78a27578f13a17b -> 
  custom:container-demuxer-webm: 4f35f7cbe854078d1ac9338744f61a02 -> 
  custom:container-demuxer-ogg: 62fdf1f143b41e24485cea50d1cbac27 -> 
  custom:video-encoder-webm-vp8: eb34c28f22e8b96e1ab97ce403110664 -> 
  custom:video-decoder-webm-vp8: 9c59270c3fd7afecdb556c50c9e8de78 -> 
  custom:audio-decoder-ogg-vorbis: bf7c407c2cedff20999df2af8eb42d56 -> 
  custom:audio-encoder-webm-vorbis: bf7c407c2cedff20999df2af8eb42d56 -> 
========================================================================
Received Import Request.
  path: Assets/ForwardRenderer.asset
  artifactKey: Guid(7b4901d4df68def4b868927c3ea199fe) Importer(815301076,1909f56bfc062723c751e8b465ee728b)
Start importing Assets/ForwardRenderer.asset using Guid(7b4901d4df68def4b868927c3ea199fe) Importer(815301076,1909f56bfc062723c751e8b465ee728b)  -> (artifact id: '0e68ef10318b3bc34155a96805bd103a') in 0.372340 seconds 
========================================================================
Received Import Request.
  Time since last request: 0.000314 seconds.
  path: Assets/UniversalRenderPipelineAsset.asset
  artifactKey: Guid(cc6b21a76a212404e86caf3771c1c178) Importer(815301076,1909f56bfc062723c751e8b465ee728b)
Start importing Assets/UniversalRenderPipelineAsset.asset using Guid(cc6b21a76a212404e86caf3771c1c178) Importer(815301076,1909f56bfc062723c751e8b465ee728b)  -> (artifact id: 'de44a466535f98e7384bdbc14b5be512') in 0.007532 seconds 
========================================================================
Received Import Request.
  Time since last request: 0.000114 seconds.
  path: Assets/Plataform.physicMaterial
  artifactKey: Guid(2fd4ccfb0a5876d45b8d69fdf2c75b0b) Importer(815301076,1909f56bfc062723c751e8b465ee728b)
Start importing Assets/Plataform.physicMaterial using Guid(2fd4ccfb0a5876d45b8d69fdf2c75b0b) Importer(815301076,1909f56bfc062723c751e8b465ee728b)  -> (artifact id: '7f4129ed6f9b83c62403b0ee55fbed59') in 0.048543 seconds 
========================================================================
Received Import Request.
  Time since last request: 0.000356 seconds.
  path: Assets/LightweightRenderPipelineAsset.asset
  artifactKey: Guid(e6022151d2483234da21d9fc7bbec6a2) Importer(815301076,1909f56bfc062723c751e8b465ee728b)
Start importing Assets/LightweightRenderPipelineAsset.asset using Guid(e6022151d2483234da21d9fc7bbec6a2) Importer(815301076,1909f56bfc062723c751e8b465ee728b)  -> (artifact id: '9c822d634ebe6f2e2a7224f5e884699b') in 0.011481 seconds 
========================================================================
Received Import Request.
  Time since last request: 0.000117 seconds.
  path: Assets/New Terrain.asset
  artifactKey: Guid(c641a123e23f40e48825b4291e493771) Importer(815301076,1909f56bfc062723c751e8b465ee728b)
Start importing Assets/New Terrain.asset using Guid(c641a123e23f40e48825b4291e493771) Importer(815301076,1909f56bfc062723c751e8b465ee728b) The tree Tree4Large must use the Nature/Soft Occlusion shader. Otherwise billboarding/lighting will not work correctly.
The tree Tree2Small must use the Nature/Soft Occlusion shader. Otherwise billboarding/lighting will not work correctly.
The tree Tree3Small must use the Nature/Soft Occlusion shader. Otherwise billboarding/lighting will not work correctly.
The tree default must use the Nature/Soft Occlusion shader. Otherwise billboarding/lighting will not work correctly.
The tree single must use the Nature/Soft Occlusion shader. Otherwise billboarding/lighting will not work correctly.
The tree Plant_5 must use the Nature/Soft Occlusion shader. Otherwise billboarding/lighting will not work correctly.
The tree Plant_5 must use the Nature/Soft Occlusion shader. Otherwise billboarding/lighting will not work correctly.
The tree Rock4 couldn't be instanced because the prefab contains no valid mesh renderer.
 -> (artifact id: 'bc4977e8ae99c38e13cca0a8d84ae37d') in 2.166861 seconds 
========================================================================
Received Import Request.
  Time since last request: 0.000364 seconds.
  path: Assets/UniversalRenderPipelineAsset_Renderer.asset
  artifactKey: Guid(85b8285d65b89ee4cbcdcac5b8c38d4c) Importer(815301076,1909f56bfc062723c751e8b465ee728b)
Start importing Assets/UniversalRenderPipelineAsset_Renderer.asset using Guid(85b8285d65b89ee4cbcdcac5b8c38d4c) Importer(815301076,1909f56bfc062723c751e8b465ee728b)  -> (artifact id: '2378ed2d7d503924bc5e70ebfeb9e5ce') in 0.009204 seconds 
========================================================================
Received Import Request.
  Time since last request: 0.000269 seconds.
  path: Assets/HangGliderRed.fbx
  artifactKey: Guid(d0facc88550f1b540a4183d1d8cff8a3) Importer(815301076,1909f56bfc062723c751e8b465ee728b)
Start importing Assets/HangGliderRed.fbx using Guid(d0facc88550f1b540a4183d1d8cff8a3) Importer(815301076,1909f56bfc062723c751e8b465ee728b)  -> (artifact id: '060fb3c6621d976187a17cc58ce41399') in 3.347992 seconds 
========================================================================
Received Import Request.
  Time since last request: 0.000322 seconds.
  path: Assets/New Terrain Material.mat
  artifactKey: Guid(8a17e173b5adacf41902a83df20b718b) Importer(815301076,1909f56bfc062723c751e8b465ee728b)
Start importing Assets/New Terrain Material.mat using Guid(8a17e173b5adacf41902a83df20b718b) Importer(815301076,1909f56bfc062723c751e8b465ee728b)  -> (artifact id: '9777be1138e2126673f07dc8c28d7000') in 0.689689 seconds 
========================================================================
Received Import Request.
  Time since last request: 0.000295 seconds.
  path: Assets/Torch.prefab
  artifactKey: Guid(07f8f0ed4cf5bc641828162d4a47c4f9) Importer(815301076,1909f56bfc062723c751e8b465ee728b)
Start importing Assets/Torch.prefab using Guid(07f8f0ed4cf5bc641828162d4a47c4f9) Importer(815301076,1909f56bfc062723c751e8b465ee728b)  -> (artifact id: '6e22189772c988c6db461051a55b3569') in 0.142892 seconds 
========================================================================
Received Import Request.
  Time since last request: 13992.243762 seconds.
  path: Assets/LowPoly Environment Pack
  artifactKey: Guid(6309b5b363b536544859a43d4e5134b6) Importer(815301076,1909f56bfc062723c751e8b465ee728b)
Start importing Assets/LowPoly Environment Pack using Guid(6309b5b363b536544859a43d4e5134b6) Importer(815301076,1909f56bfc062723c751e8b465ee728b)  -> (artifact id: '5d502007ae9e7c87641c4a636a4290ba') in 0.036911 seconds 
========================================================================
Received Import Request.
  Time since last request: 11.035425 seconds.
  path: Assets/Models
  artifactKey: Guid(a74150a272399d84b89be7d9faba84f8) Importer(815301076,1909f56bfc062723c751e8b465ee728b)
Start importing Assets/Models using Guid(a74150a272399d84b89be7d9faba84f8) Importer(815301076,1909f56bfc062723c751e8b465ee728b)  -> (artifact id: 'e0738f1cfd687b3be501d59535949f15') in 0.010224 seconds 
========================================================================
Received Import Request.
  Time since last request: 0.000302 seconds.
  path: Assets/Models/shrineteto.fbx
  artifactKey: Guid(41a2b3aa9e63428419bbf56b056a3575) Importer(815301076,1909f56bfc062723c751e8b465ee728b)
Start importing Assets/Models/shrineteto.fbx using Guid(41a2b3aa9e63428419bbf56b056a3575) Importer(815301076,1909f56bfc062723c751e8b465ee728b)  -> (artifact id: '30973e8081a58443e7d0db1f6365e4ba') in 0.221716 seconds 
========================================================================
Received Import Request.
  Time since last request: 106.547533 seconds.
  path: Assets/Models/BaseMesh _Astronauta.fbx
  artifactKey: Guid(5c78f8f3c113c884093bc326e8fa770f) Importer(815301076,1909f56bfc062723c751e8b465ee728b)
Start importing Assets/Models/BaseMesh _Astronauta.fbx using Guid(5c78f8f3c113c884093bc326e8fa770f) Importer(815301076,1909f56bfc062723c751e8b465ee728b)  -> (artifact id: '4193f07e803b5aca8ee990c6bc7734c9') in 1.819432 seconds 
========================================================================
Received Import Request.
  Time since last request: 5.067474 seconds.
  path: Assets/Textures/black-hole-spirals-circles-1983154 1.jpg
  artifactKey: Guid(ba10cde9fce10504a939a1626571fb46) Importer(815301076,1909f56bfc062723c751e8b465ee728b)
Start importing Assets/Textures/black-hole-spirals-circles-1983154 1.jpg using Guid(ba10cde9fce10504a939a1626571fb46) Importer(815301076,1909f56bfc062723c751e8b465ee728b)  -> (artifact id: '1e64713e7aa91bbe3deb1a7de8dea330') in 1.367479 seconds 
========================================================================
Received Import Request.
  Time since last request: 0.000285 seconds.
  path: Assets/Textures/NewLayer.terrainlayer
  artifactKey: Guid(0aeeb93e8909f4b4094fae5e07d00cd5) Importer(815301076,1909f56bfc062723c751e8b465ee728b)
Start importing Assets/Textures/NewLayer.terrainlayer using Guid(0aeeb93e8909f4b4094fae5e07d00cd5) Importer(815301076,1909f56bfc062723c751e8b465ee728b)  -> (artifact id: '9cfb7fbf84889ed45e721ee6fb271dce') in 0.937969 seconds 
========================================================================
Received Import Request.
  Time since last request: 0.000225 seconds.
  path: Assets/Textures/wm_spruce_den_mask.jpg
  artifactKey: Guid(f9a66eb8eb804c44399ea834f2b0a7d9) Importer(815301076,1909f56bfc062723c751e8b465ee728b)
Start importing Assets/Textures/wm_spruce_den_mask.jpg using Guid(f9a66eb8eb804c44399ea834f2b0a7d9) Importer(815301076,1909f56bfc062723c751e8b465ee728b)  -> (artifact id: '48971ed52ce801de602eb9830eb1714e') in 0.077217 seconds 
========================================================================
Received Import Request.
  Time since last request: 0.000336 seconds.
  path: Assets/Textures/dcatyft-3d286c66-03cc-448e-b8d8-a4f0a3a2fc26.png
  artifactKey: Guid(7cab2309b1843484b86c24d47d2c30e2) Importer(815301076,1909f56bfc062723c751e8b465ee728b)
Start importing Assets/Textures/dcatyft-3d286c66-03cc-448e-b8d8-a4f0a3a2fc26.png using Guid(7cab2309b1843484b86c24d47d2c30e2) Importer(815301076,1909f56bfc062723c751e8b465ee728b)  -> (artifact id: 'f78058da8e962f233c188da3cc538476') in 0.161107 seconds 
========================================================================
Received Import Request.
  Time since last request: 0.000392 seconds.
  path: Assets/Textures/SrineTex02.mat
  artifactKey: Guid(5dcdaec7befa76b45a022042bde40bb3) Importer(815301076,1909f56bfc062723c751e8b465ee728b)
Start importing Assets/Textures/SrineTex02.mat using Guid(5dcdaec7befa76b45a022042bde40bb3) Importer(815301076,1909f56bfc062723c751e8b465ee728b)  -> (artifact id: '8554af375fae4a18f38760feefcdc1ed') in 0.385443 seconds 
========================================================================
Received Import Request.
  Time since last request: 0.000274 seconds.
  path: Assets/Textures/weather-clouds-3d-templates.png
  artifactKey: Guid(83252f68a78a67245b1d8d124f3dbef6) Importer(815301076,1909f56bfc062723c751e8b465ee728b)
Start importing Assets/Textures/weather-clouds-3d-templates.png using Guid(83252f68a78a67245b1d8d124f3dbef6) Importer(815301076,1909f56bfc062723c751e8b465ee728b)  -> (artifact id: '26d7081a82fe991b9c86cac65a674654') in 0.131155 seconds 
========================================================================
Received Import Request.
  Time since last request: 0.000261 seconds.
  path: Assets/Textures/black-hole-spirals-circles-1983155.jpg
  artifactKey: Guid(b2888b2010425c2409aae57bd5a59d7c) Importer(815301076,1909f56bfc062723c751e8b465ee728b)
Start importing Assets/Textures/black-hole-spirals-circles-1983155.jpg using Guid(b2888b2010425c2409aae57bd5a59d7c) Importer(815301076,1909f56bfc062723c751e8b465ee728b)  -> (artifact id: 'b33b85dfcf009a7ef54b84580ad27403') in 0.284103 seconds 
========================================================================
Received Import Request.
  Time since last request: 0.000271 seconds.
  path: Assets/Textures/DirtyLensFlare.png
  artifactKey: Guid(d19849d0639712d4c9fc579a097e5028) Importer(815301076,1909f56bfc062723c751e8b465ee728b)
Start importing Assets/Textures/DirtyLensFlare.png using Guid(d19849d0639712d4c9fc579a097e5028) Importer(815301076,1909f56bfc062723c751e8b465ee728b)  -> (artifact id: 'b3da089e4c449a47914143bf55e0c79a') in 0.126075 seconds 
========================================================================
Received Import Request.
  Time since last request: 0.000289 seconds.
  path: Assets/Textures/SrineTex03.mat
  artifactKey: Guid(835e1507764403f4781cdc2ff61f9cd7) Importer(815301076,1909f56bfc062723c751e8b465ee728b)
Start importing Assets/Textures/SrineTex03.mat using Guid(835e1507764403f4781cdc2ff61f9cd7) Importer(815301076,1909f56bfc062723c751e8b465ee728b)  -> (artifact id: '577f8c88aac6bdc1ce73ab74a834eb2e') in 1.038377 seconds 
========================================================================
Received Import Request.
  Time since last request: 0.000269 seconds.
  path: Assets/Textures/SrineTex01.mat
  artifactKey: Guid(3a355d85519e32140bbb0a1cb3641480) Importer(815301076,1909f56bfc062723c751e8b465ee728b)
Start importing Assets/Textures/SrineTex01.mat using Guid(3a355d85519e32140bbb0a1cb3641480) Importer(815301076,1909f56bfc062723c751e8b465ee728b)  -> (artifact id: '08eafe92299f2bf31851bcc10804dbce') in 0.787984 seconds 
========================================================================
Received Import Request.
  Time since last request: 0.000351 seconds.
  path: Assets/Textures/computer-generated-black-golden-ratio-dot-pattern-22280857.jpg
  artifactKey: Guid(87331e6f89254b44a8dd4496b3e7025f) Importer(815301076,1909f56bfc062723c751e8b465ee728b)
Start importing Assets/Textures/computer-generated-black-golden-ratio-dot-pattern-22280857.jpg using Guid(87331e6f89254b44a8dd4496b3e7025f) Importer(815301076,1909f56bfc062723c751e8b465ee728b)  -> (artifact id: 'f651cf2adfdee50112aa4d2f79d2825f') in 0.080463 seconds 
========================================================================
Received Import Request.
  Time since last request: 0.000280 seconds.
  path: Assets/Textures/BlueNoiseTexture_Texture2DArray.asset
  artifactKey: Guid(518b8337a0340444aa49dd0780efa9c2) Importer(815301076,1909f56bfc062723c751e8b465ee728b)
Start importing Assets/Textures/BlueNoiseTexture_Texture2DArray.asset using Guid(518b8337a0340444aa49dd0780efa9c2) Importer(815301076,1909f56bfc062723c751e8b465ee728b)  -> (artifact id: 'e6e460e1e5c0a29a877af3460e2194d2') in 0.468174 seconds 
========================================================================
Received Import Request.
  Time since last request: 0.000213 seconds.
  path: Assets/Textures/black-hole-spirals-circles-1983154.jpg
  artifactKey: Guid(c69122bd7b5dc2b4f84796ec286525b5) Importer(815301076,1909f56bfc062723c751e8b465ee728b)
Start importing Assets/Textures/black-hole-spirals-circles-1983154.jpg using Guid(c69122bd7b5dc2b4f84796ec286525b5) Importer(815301076,1909f56bfc062723c751e8b465ee728b)  -> (artifact id: '7f5f715730ecf0675e6d24c606f79a17') in 0.127299 seconds 
